! Parallax-based distance estimator: Version 2
!                             --------- 1st Peak --------      -------- 2nd Peak ---------       
! Long.   Lat.   Vlsr  +/-    Dist.  +/-  Integrated  Arm      Dist.  +/-  Integrated  Arm
! (deg)  (deg)  (km/s)        (kpc)       Probability          (kpc)       Probability          
  10.00  -0.25  -10.0  5.0    4.82   0.23    0.73     3kN      3.88   0.28    0.12     N1N  
  20.00  -0.22   68.0  5.0    4.14   0.50    1.00     N1N      0.00   0.00    0.00     ...  
  30.00  -0.03   99.0  5.0    7.11   0.80    0.50     ScF      7.90   0.40    0.26     ScF  
  40.00   1.20   34.0  5.0    2.52   0.41    0.63     SgN      1.93   0.07    0.37     ...  
  50.00   0.47   10.0  5.0    9.70   0.39    1.00     Per      0.00   0.00    0.00     ...  
  60.00   1.68  -66.0  5.0   11.36   0.51    0.81     Out     13.50   1.33    0.19     ...  
  70.00   3.09 -110.0  5.0   14.76   0.62    1.00     OSC      0.00   0.00    0.00     ...  
  80.00   0.34    1.0  5.0    2.37   0.44    0.78     Loc      1.62   0.09    0.22     ...  
 100.00   0.51  -49.0  5.0    3.69   0.34    0.93     Per      5.45   0.49    0.07     ...  
 120.00   1.54  -91.0  5.0    5.76   0.50    0.51     Out     10.07   0.75    0.49     OSC  
 140.00   0.15  -87.0  5.0    9.71   0.67    0.95     OSC      4.90   0.42    0.05     Out  
 160.00  -4.82   -1.0  5.0    0.45   0.16    0.82     Loc      0.28   0.01    0.18     ...  
 180.00  -0.05  -10.0  5.0    4.39   0.49    0.70     Out      2.06   0.42    0.17     Per  
 200.00  -0.10   20.0  5.0    4.61   0.51    0.90     Out      0.42   0.01    0.10     Loc  
 230.00   0.14   50.0  5.0    3.45   0.47    0.82     Per      6.00   0.52    0.10     Out  
 270.00  -0.76    0.1  5.0    3.85   0.33    0.75     Loc      1.33   2.62    0.25     ...  
 310.00  -0.01  -19.0  5.0    8.93   0.65    0.95     CtF      1.52   0.24    0.05     CrN  
 330.00   0.10  -73.0  5.0    9.74   0.43    0.65     N4F      9.02   0.68    0.21     N4F  
 340.00  -0.00 -122.0  5.0    8.84   0.43    0.75     3kN      5.74   0.31    0.25     3kN  
 350.00   0.05   14.0  5.0   10.46   0.26    0.75     3kF     17.55   0.46    0.25     CtF  
 359.00  -0.13  -26.0  5.0    3.75   0.26    0.58     N4N      6.12   2.54    0.23     ...  
